<?xml version="1.0" encoding="utf-8"?><testsuites name="pytest tests"><testsuite name="pytest" errors="0" failures="0" skipped="0" tests="9" time="9.252" timestamp="2026-07-26T07:19:31.608932+00:00" hostname="agent-env-f49e5039-1945-4016-90df-48bd89682176"><testcase classname="tests.backend_test" name="test_stats" time="0.217" /><testcase classname="tests.backend_test" name="test_list_accounts" time="0.049" /><testcase classname="tests.backend_test" name="test_create_and_delete_account" time="0.248" /><testcase classname="tests.backend_test" name="test_event_high_intent_matched_and_alert" time="7.759" /><testcase classname="tests.backend_test" name="test_event_residential_no_match" time="0.057" /><testcase classname="tests.backend_test" name="test_events_high_intent_filter" time="0.049" /><testcase classname="tests.backend_test" name="test_matched_visits" time="0.154" /><testcase classname="tests.backend_test" name="test_alerts_list" time="0.045" /><testcase classname="tests.backend_test" name="test_regenerate_idempotent" time="0.182" /></testsuite></testsuites>