<?xml version="1.0" encoding="utf-8"?><testsuites name="pytest tests"><testsuite name="pytest" errors="0" failures="0" skipped="0" tests="26" time="9.974" timestamp="2026-07-26T07:39:38.300659+00:00" hostname="agent-env-f49e5039-1945-4016-90df-48bd89682176"><testcase classname="tests.backend_test" name="test_health_public" time="0.133" /><testcase classname="tests.backend_test" name="test_stats_requires_auth" time="0.048" /><testcase classname="tests.backend_test" name="test_signup_duplicate" time="0.336" /><testcase classname="tests.backend_test" name="test_signup_short_password" time="0.046" /><testcase classname="tests.backend_test" name="test_signup_invalid_email" time="0.047" /><testcase classname="tests.backend_test" name="test_login_success" time="0.268" /><testcase classname="tests.backend_test" name="test_login_wrong_password" time="0.270" /><testcase classname="tests.backend_test" name="test_login_nonexistent" time="0.047" /><testcase classname="tests.backend_test" name="test_me_requires_token" time="0.045" /><testcase classname="tests.backend_test" name="test_me_invalid_token" time="0.101" /><testcase classname="tests.backend_test" name="test_me_valid_token" time="0.117" /><testcase classname="tests.backend_test" name="test_endpoints_require_auth[/stats-GET]" time="0.045" /><testcase classname="tests.backend_test" name="test_endpoints_require_auth[/visits/matched-GET]" time="0.046" /><testcase classname="tests.backend_test" name="test_endpoints_require_auth[/accounts-GET]" time="0.043" /><testcase classname="tests.backend_test" name="test_endpoints_require_auth[/events-GET]" time="0.044" /><testcase classname="tests.backend_test" name="test_endpoints_require_auth[/alerts-GET]" time="0.045" /><testcase classname="tests.backend_test" name="test_endpoints_require_auth[/alerts/regenerate-POST]" time="0.046" /><testcase classname="tests.backend_test" name="test_stats" time="0.051" /><testcase classname="tests.backend_test" name="test_list_accounts" time="0.053" /><testcase classname="tests.backend_test" name="test_create_and_delete_account" time="0.153" /><testcase classname="tests.backend_test" name="test_event_high_intent_matched_and_alert" time="7.630" /><testcase classname="tests.backend_test" name="test_event_residential_no_match" time="0.055" /><testcase classname="tests.backend_test" name="test_events_high_intent_filter" time="0.045" /><testcase classname="tests.backend_test" name="test_matched_visits" time="0.048" /><testcase classname="tests.backend_test" name="test_alerts_list" time="0.046" /><testcase classname="tests.backend_test" name="test_regenerate_idempotent" time="0.087" /></testsuite></testsuites>